<?xml version="1.0" encoding="UTF-8"?>
<!-- Generated by org.testng.reporters.JUnitXMLReporter -->
<testsuite hostname="DESKTOP-TLIRE04" ignored="0" name="Default test" tests="2" failures="0" timestamp="2022-02-01T16:14:45 IST" time="111.425" errors="0">
  <testcase name="createContact" time="39.435" classname="com.crm.comcast.ContactTest.CreateContactTest"/>
  <testcase name="createContactWithOrgTest" time="40.979" classname="com.crm.comcast.ContactTest.CreateContactTest"/>
</testsuite> <!-- Default test -->
