<?xml version="1.0" encoding="UTF-8"?>
<!-- Generated by org.testng.reporters.JUnitXMLReporter -->
<testsuite hostname="DESKTOP-TLIRE04" ignored="0" name="TestRunner-Chrome" tests="2" failures="0" timestamp="2022-01-21T17:30:45 IST" time="120.934" errors="0">
  <testcase name="createContact" time="31.439" classname="com.crm.comcast.ContactTest.CreateContactTest"/>
  <testcase name="createContactWithOrgTest" time="51.642" classname="com.crm.comcast.ContactTest.CreateContactTest"/>
</testsuite> <!-- TestRunner-Chrome -->
