<?xml version="1.0" encoding="UTF-8"?>
<!-- Generated by org.testng.reporters.JUnitXMLReporter -->
<testsuite hostname="DESKTOP-TLIRE04" ignored="0" name="TestRunner-1" tests="2" failures="0" timestamp="2022-01-21T16:32:44 IST" time="92.555" errors="0">
  <testcase name="createContact" time="22.484" classname="com.crm.comcast.ContactTest.CreateContactTest"/>
  <testcase name="createContactWithOrgTest" time="38.588" classname="com.crm.comcast.ContactTest.CreateContactTest"/>
</testsuite> <!-- TestRunner-1 -->
