<?xml version="1.0" encoding="UTF-8"?>
<!-- Generated by org.testng.reporters.JUnitXMLReporter -->
<testsuite hostname="DESKTOP-TLIRE04" ignored="0" name="TestRunner-2" tests="2" failures="0" timestamp="2022-01-21T16:32:33 IST" time="81.262" errors="0">
  <testcase name="createOrg" time="23.868" classname="com.crm.comcast.OrganizationTest.CreatOrganizationTest"/>
  <testcase name="createOrgIndusType" time="25.136" classname="com.crm.comcast.OrganizationTest.CreatOrganizationTest"/>
</testsuite> <!-- TestRunner-2 -->
