<?xml version="1.0" encoding="UTF-8"?>
<!-- Generated by org.testng.reporters.JUnitXMLReporter -->
<testsuite hostname="DESKTOP-TLIRE04" ignored="3" name="Test" tests="2" failures="0" timestamp="2022-01-21T13:54:53 IST" time="127.284" errors="0">
  <testcase name="createContact" time="37.353" classname="com.crm.comcast.ContactTest.CreateContactTest"/>
  <testcase name="createOrg" time="23.407" classname="com.crm.comcast.OrganizationTest.CreatOrganizationTest"/>
  <testcase name="createContactWithOrgTest" time="0.0" classname="com.crm.comcast.ContactTest.CreateContactTest">
    <ignored/>
  </testcase> <!-- createContactWithOrgTest -->
  <testcase name="@BeforeSuite configBS" time="0.0" classname="com.crm.GenericLibrary.BaseAnnotationClassTest">
    <ignored/>
  </testcase> <!-- @BeforeSuite configBS -->
  <testcase name="createOrgIndusTypr" time="0.0" classname="com.crm.comcast.OrganizationTest.CreatOrganizationTest">
    <ignored/>
  </testcase> <!-- createOrgIndusTypr -->
</testsuite> <!-- Test -->
