<?xml version="1.0" encoding="UTF-8"?>
<!-- Generated by org.testng.reporters.JUnitXMLReporter -->
<testsuite hostname="DESKTOP-TLIRE04" ignored="4" name="TestRun1" tests="1" failures="1" timestamp="2022-01-21T13:11:35 IST" time="0.212" errors="0">
  <testcase name="createOrg" time="0.104" classname="com.crm.comcast.OrganizationTest.CreatOrganizationTest">
    <failure type="java.lang.NullPointerException">
      <![CDATA[java.lang.NullPointerException
at org.openqa.selenium.support.pagefactory.DefaultElementLocator.findElement(DefaultElementLocator.java:69)
at org.openqa.selenium.support.pagefactory.internal.LocatingElementHandler.invoke(LocatingElementHandler.java:38)
at com.sun.proxy.$Proxy13.click(Unknown Source)
at com.crm.comcast.OrganizationTest.CreatOrganizationTest.createOrg(CreatOrganizationTest.java:18)
at java.util.ArrayList.forEach(Unknown Source)
... Removed 27 stack frames]]>
    </failure>
  </testcase> <!-- createOrg -->
  <testcase name="createContact" time="0.0" classname="com.crm.comcast.ContactTest.CreateContactTest">
    <ignored/>
  </testcase> <!-- createContact -->
  <testcase name="createContactWithOrgTest" time="0.0" classname="com.crm.comcast.ContactTest.CreateContactTest">
    <ignored/>
  </testcase> <!-- createContactWithOrgTest -->
  <testcase name="@BeforeSuite configBS" time="0.0" classname="com.crm.GenericLibrary.BaseAnnotationClassTest">
    <ignored/>
  </testcase> <!-- @BeforeSuite configBS -->
  <testcase name="createOrgIndusTypr" time="0.0" classname="com.crm.comcast.OrganizationTest.CreatOrganizationTest">
    <ignored/>
  </testcase> <!-- createOrgIndusTypr -->
</testsuite> <!-- TestRun1 -->
