<?xml version="1.0" encoding="UTF-8"?>
<testng-results skipped="0" failed="0" ignored="0" total="2" passed="2">
  <reporter-output>
  </reporter-output>
  <suite name="Default suite" duration-ms="111425" started-at="2022-02-01T16:12:54 IST" finished-at="2022-02-01T16:14:45 IST">
    <groups>
      <group name="regressionTest">
        <method signature="CreateContactTest.createContactWithOrgTest()[pri:0, instance:com.crm.comcast.ContactTest.CreateContactTest@289d1c02]" name="createContactWithOrgTest" class="com.crm.comcast.ContactTest.CreateContactTest"/>
      </group> <!-- regressionTest -->
      <group name="smoketest">
        <method signature="CreateContactTest.createContact()[pri:0, instance:com.crm.comcast.ContactTest.CreateContactTest@289d1c02]" name="createContact" class="com.crm.comcast.ContactTest.CreateContactTest"/>
      </group> <!-- smoketest -->
    </groups>
    <test name="Default test" duration-ms="111425" started-at="2022-02-01T16:12:54 IST" finished-at="2022-02-01T16:14:45 IST">
      <class name="com.crm.comcast.ContactTest.CreateContactTest">
        <test-method status="PASS" signature="configBS()[pri:0, instance:com.crm.comcast.ContactTest.CreateContactTest@289d1c02]" name="configBS" is-config="true" duration-ms="14" started-at="2022-02-01T16:12:54 IST" finished-at="2022-02-01T16:12:54 IST">
          <reporter-output>
          </reporter-output>
        </test-method> <!-- configBS -->
        <test-method status="PASS" signature="configBC()[pri:0, instance:com.crm.comcast.ContactTest.CreateContactTest@289d1c02]" name="configBC" is-config="true" duration-ms="11147" started-at="2022-02-01T16:12:54 IST" finished-at="2022-02-01T16:13:05 IST">
          <reporter-output>
          </reporter-output>
        </test-method> <!-- configBC -->
        <test-method status="PASS" signature="configBM()[pri:0, instance:com.crm.comcast.ContactTest.CreateContactTest@289d1c02]" name="configBM" is-config="true" duration-ms="9855" started-at="2022-02-01T16:13:05 IST" finished-at="2022-02-01T16:13:15 IST">
          <reporter-output>
          </reporter-output>
        </test-method> <!-- configBM -->
        <test-method status="PASS" signature="createContact()[pri:0, instance:com.crm.comcast.ContactTest.CreateContactTest@289d1c02]" name="createContact" duration-ms="39435" started-at="2022-02-01T16:13:15 IST" finished-at="2022-02-01T16:13:54 IST">
          <reporter-output>
          </reporter-output>
        </test-method> <!-- createContact -->
        <test-method status="PASS" signature="configAM()[pri:0, instance:com.crm.comcast.ContactTest.CreateContactTest@289d1c02]" name="configAM" is-config="true" duration-ms="2306" started-at="2022-02-01T16:13:54 IST" finished-at="2022-02-01T16:13:57 IST">
          <reporter-output>
          </reporter-output>
        </test-method> <!-- configAM -->
        <test-method status="PASS" signature="configBM()[pri:0, instance:com.crm.comcast.ContactTest.CreateContactTest@289d1c02]" name="configBM" is-config="true" duration-ms="3994" started-at="2022-02-01T16:13:57 IST" finished-at="2022-02-01T16:14:01 IST">
          <reporter-output>
          </reporter-output>
        </test-method> <!-- configBM -->
        <test-method status="PASS" signature="createContactWithOrgTest()[pri:0, instance:com.crm.comcast.ContactTest.CreateContactTest@289d1c02]" name="createContactWithOrgTest" duration-ms="40979" started-at="2022-02-01T16:14:01 IST" finished-at="2022-02-01T16:14:42 IST">
          <reporter-output>
          </reporter-output>
        </test-method> <!-- createContactWithOrgTest -->
        <test-method status="PASS" signature="configAM()[pri:0, instance:com.crm.comcast.ContactTest.CreateContactTest@289d1c02]" name="configAM" is-config="true" duration-ms="1904" started-at="2022-02-01T16:14:42 IST" finished-at="2022-02-01T16:14:44 IST">
          <reporter-output>
          </reporter-output>
        </test-method> <!-- configAM -->
        <test-method status="PASS" signature="configAC()[pri:0, instance:com.crm.comcast.ContactTest.CreateContactTest@289d1c02]" name="configAC" is-config="true" duration-ms="1620" started-at="2022-02-01T16:14:44 IST" finished-at="2022-02-01T16:14:45 IST">
          <reporter-output>
          </reporter-output>
        </test-method> <!-- configAC -->
        <test-method status="PASS" signature="configAS()[pri:0, instance:com.crm.comcast.ContactTest.CreateContactTest@289d1c02]" name="configAS" is-config="true" duration-ms="1" started-at="2022-02-01T16:14:45 IST" finished-at="2022-02-01T16:14:45 IST">
          <reporter-output>
          </reporter-output>
        </test-method> <!-- configAS -->
      </class> <!-- com.crm.comcast.ContactTest.CreateContactTest -->
    </test> <!-- Default test -->
  </suite> <!-- Default suite -->
</testng-results>
